TN:tests_test_IT1
SF:/home/aint/park/c1/C2/project/src/calc_hash.c
FN:18,calc_hash
FNDA:503,calc_hash
DA:18,503
DA:19,503
DA:22,2241
DA:23,1738
DA:25,503
end_of_record
TN:tests_test_IT1
SF:/home/aint/park/c1/C2/project/src/get_metr.c
FN:10,get_lowercase
FNDA:501,get_lowercase
FN:15,get_metr
FNDA:2,get_metr
DA:10,501
DA:11,2229
DA:12,1728
DA:13,501
DA:15,2
DA:16,2
DA:29,2
DA:30,2
DA:34,2
DA:39,503
DA:43,501
DA:44,501
DA:46,501
DA:47,501
DA:50,501
DA:51,501
DA:54,501
DA:59,131070
DA:61,131068
DA:62,124
DA:71,2
end_of_record
TN:tests_test_IT1
SF:/home/aint/park/c1/C2/project/src/get_tf_idf.c
FN:7,get_tf_idf
FNDA:1,get_tf_idf
DA:7,1
DA:8,1
DA:9,2
DA:10,65535
DA:11,65534
DA:12,60
DA:13,60
DA:14,60
DA:19,1
DA:21,1
end_of_record
TN:tests_test_IT1
SF:/home/aint/park/c1/C2/project/src/get_idf.c
FN:9,get_idf
FNDA:2,get_idf
DA:9,2
DA:13,2
DA:14,2
DA:16,131070
DA:17,851942
DA:18,720874
DA:19,72
DA:20,72
DA:23,131068
DA:24,62
DA:27,131068
DA:28,131068
DA:33,2
end_of_record
TN:tests_test_IT1
SF:/home/aint/park/c1/C2/project/src/tf_idf_top_5.c
FN:7,tf_idf_top_5
FNDA:1,tf_idf_top_5
DA:7,1
DA:8,1
DA:10,1
DA:13,1
DA:14,6121
DA:15,6120
DA:16,5
DA:17,5
DA:21,65535
DA:22,65534
DA:24,0
DA:26,0
DA:28,0
DA:30,0
DA:31,0
DA:32,0
DA:33,0
DA:35,0
DA:36,0
DA:37,0
DA:39,0
DA:40,0
DA:41,0
DA:43,0
DA:44,0
DA:45,0
DA:47,0
DA:48,0
DA:49,0
DA:53,1
DA:55,1
end_of_record
