TN:tests_test_IT1
SF:/home/aint/park/c1/C2/project/src/calc_hash.c
FN:4,calc_hash
FNDA:2493120,calc_hash
DA:4,2493120
DA:5,2493120
DA:8,13118800
DA:9,10625600
DA:11,2493120
end_of_record
TN:tests_test_IT1
SF:/home/aint/park/c1/C2/project/src/get_metr.c
FN:10,get_lowercase
FNDA:2493110,get_lowercase
FN:15,get_metr
FNDA:21,get_metr
DA:10,2493110
DA:11,13118700
DA:12,10625500
DA:13,2493110
DA:15,21
DA:16,21
DA:29,21
DA:30,21
DA:34,21
DA:39,2493130
DA:43,2493110
DA:44,2493110
DA:46,2493110
DA:47,2493110
DA:50,2493110
DA:51,2493110
DA:54,2493110
DA:59,1376240
DA:61,1376210
DA:62,115417
DA:71,21
end_of_record
TN:tests_test_IT1
SF:/home/aint/park/c1/C2/project/src/get_tf_idf.c
FN:7,get_tf_idf
FNDA:1,get_tf_idf
DA:7,1
DA:9,14
DA:11,851955
DA:13,851942
DA:14,91461
DA:16,1
end_of_record
TN:tests_test_IT1
SF:/home/aint/park/c1/C2/project/src/get_idf.c
FN:9,get_idf
FNDA:5,get_idf
DA:9,5
DA:11,5
DA:12,5
DA:14,327675
DA:15,3800970
DA:16,3473300
DA:17,91605
DA:18,91605
DA:21,327670
DA:22,27577
DA:24,327670
DA:25,327670
DA:28,5
end_of_record
TN:tests_test_IT1
SF:/home/aint/park/c1/C2/project/src/tf_idf_top_5.c
FN:7,tf_idf_top_5
FNDA:17,tf_idf_top_5
DA:7,17
DA:9,17
DA:12,17
DA:13,18998
DA:14,18981
DA:15,85
DA:16,85
DA:20,1114100
DA:21,1114080
DA:23,967
DA:25,708
DA:27,474
DA:29,260
DA:30,110
DA:31,110
DA:32,110
DA:34,150
DA:35,150
DA:36,150
DA:38,214
DA:39,214
DA:40,214
DA:42,234
DA:43,234
DA:44,234
DA:46,259
DA:47,259
DA:48,259
DA:52,17
end_of_record
